#
# There is insufficient memory for the Java Runtime Environment to continue.
# Native memory allocation (malloc) failed to allocate 175136 bytes for Chunk::new
# Possible reasons:
#   The system is out of physical RAM or swap space
#   The process is running with CompressedOops enabled, and the Java Heap may be blocking the growth of the native heap
# Possible solutions:
#   Reduce memory load on the system
#   Increase physical memory or swap space
#   Check if swap backing store is full
#   Decrease Java heap size (-Xmx/-Xms)
#   Decrease number of Java threads
#   Decrease Java thread stack sizes (-Xss)
#   Set larger code cache with -XX:ReservedCodeCacheSize=
#   JVM is running with Unscaled Compressed Oops mode in which the Java heap is
#     placed in the first 4GB address space. The Java Heap base address is the
#     maximum limit for the native heap growth. Please use -XX:HeapBaseMinAddress
#     to set the Java Heap base and to place the Java Heap above 4GB virtual address.
# This output file may be truncated or incomplete.
#
#  Out of Memory Error (allocation.cpp:389), pid=7232, tid=0x00000000000000ec
#
# JRE version: Java(TM) SE Runtime Environment (8.0_241-b07) (build 1.8.0_241-b07)
# Java VM: Java HotSpot(TM) 64-Bit Server VM (25.241-b07 mixed mode windows-amd64 compressed oops)
# Failed to write core dump. Minidumps are not enabled by default on client versions of Windows
#

---------------  T H R E A D  ---------------

Current thread (0x0000000018bf6000):  JavaThread "C2 CompilerThread2" daemon [_thread_in_native, id=236, stack(0x0000000019790000,0x0000000019890000)]

Stack: [0x0000000019790000,0x0000000019890000]
[error occurred during error reporting (printing stack bounds), id 0xc0000005]

Native frames: (J=compiled Java code, j=interpreted, Vv=VM code, C=native code)


Current CompileTask:
C2:    455  433       4       jdk.internal.org.objectweb.asm.Item::set (143 bytes)


---------------  P R O C E S S  ---------------

Java Threads: ( => current thread )
  0x0000000019cc0800 JavaThread "JavaFX Application Thread" [_thread_in_vm, id=9608, stack(0x000000001ad50000,0x000000001ae50000)]
  0x0000000019c65000 JavaThread "Thread-1" daemon [_thread_in_native, id=5552, stack(0x000000001ac50000,0x000000001ad50000)]
  0x0000000019c44800 JavaThread "QuantumRenderer-0" daemon [_thread_blocked, id=10944, stack(0x000000001a5c0000,0x000000001a6c0000)]
  0x0000000018bfd000 JavaThread "Service Thread" daemon [_thread_blocked, id=8128, stack(0x0000000019990000,0x0000000019a90000)]
  0x0000000018bfb000 JavaThread "C1 CompilerThread3" daemon [_thread_blocked, id=4624, stack(0x0000000019890000,0x0000000019990000)]
=>0x0000000018bf6000 JavaThread "C2 CompilerThread2" daemon [_thread_in_native, id=236, stack(0x0000000019790000,0x0000000019890000)]
  0x0000000018c48000 JavaThread "C2 CompilerThread1" daemon [_thread_blocked, id=11404, stack(0x0000000019690000,0x0000000019790000)]
  0x0000000018bce800 JavaThread "C2 CompilerThread0" daemon [_thread_blocked, id=7060, stack(0x0000000019590000,0x0000000019690000)]
  0x0000000018bfe000 JavaThread "Monitor Ctrl-Break" daemon [_thread_in_native, id=10540, stack(0x0000000019490000,0x0000000019590000)]
  0x0000000018bb1800 JavaThread "Attach Listener" daemon [_thread_blocked, id=10228, stack(0x0000000019390000,0x0000000019490000)]
  0x0000000018bb1000 JavaThread "Signal Dispatcher" daemon [_thread_blocked, id=10556, stack(0x0000000019290000,0x0000000019390000)]
  0x0000000018ba0800 JavaThread "Finalizer" daemon [_thread_blocked, id=4532, stack(0x0000000019080000,0x0000000019180000)]
  0x0000000016d9d000 JavaThread "Reference Handler" daemon [_thread_blocked, id=8112, stack(0x0000000018f80000,0x0000000019080000)]
  0x0000000002f53800 JavaThread "main" [_thread_blocked, id=2076, stack(0x0000000002c50000,0x0000000002d50000)]

Other Threads:
  0x0000000016d98800 VMThread [stack: 0x0000000018a80000,0x0000000018b80000] [id=11608]
  0x0000000018c70800 WatcherThread [stack: 0x0000000019a90000,0x0000000019b90000] [id=3884]

VM state:not at safepoint (normal execution)

VM Mutex/Monitor currently owned by a thread: None

heap address: 0x00000000a0c00000, size: 1524 MB, Compressed Oops mode: 32-bit
Narrow klass base: 0x0000000000000000, Narrow klass shift: 3
Compressed class space size: 1073741824 Address: 0x0000000100000000

Heap:
 PSYoungGen      total 28672K, used 9862K [0x00000000e0400000, 0x00000000e2400000, 0x0000000100000000)
  eden space 24576K, 40% used [0x00000000e0400000,0x00000000e0da1a58,0x00000000e1c00000)
  from space 4096K, 0% used [0x00000000e2000000,0x00000000e2000000,0x00000000e2400000)
  to   space 4096K, 0% used [0x00000000e1c00000,0x00000000e1c00000,0x00000000e2000000)
 ParOldGen       total 65536K, used 0K [0x00000000a0c00000, 0x00000000a4c00000, 0x00000000e0400000)
  object space 65536K, 0% used [0x00000000a0c00000,0x00000000a0c00000,0x00000000a4c00000)
 Metaspace       used 5878K, capacity 6214K, committed 6528K, reserved 1056768K
  class space    used 689K, capacity 801K, committed 896K, reserved 1048576K

Card table byte_map: [0x0000000012410000,0x0000000012710000] byte_map_base: 0x0000000011f0a000

Marking Bits: (ParMarkBitMap*) 0x000000005e6fbe30
 Begin Bits: [0x0000000013110000, 0x00000000148e0000)
 End Bits:   [0x00000000148e0000, 0x00000000160b0000)

Polling page: 0x0000000001340000

CodeCache: size=245760Kb used=2000Kb max_used=2000Kb free=243759Kb
 bounds [0x0000000003050000, 0x00000000032c0000, 0x0000000012050000]
 total_blobs=776 nmethods=446 adapters=244
 compilation: enabled

Compilation events (10 events):
Event: 0.451 Thread 0x0000000018bfb000  439       3       java.lang.invoke.MethodTypeForm::canonicalizeAll (66 bytes)
Event: 0.451 Thread 0x0000000018bfb000 nmethod 439 0x000000000323e550 code [0x000000000323e700, 0x000000000323ed38]
Event: 0.451 Thread 0x0000000018bfb000  440       3       sun.invoke.util.VerifyType::isNullConversion (157 bytes)
Event: 0.453 Thread 0x0000000018bfb000 nmethod 440 0x0000000003240b90 code [0x0000000003240e80, 0x0000000003242e78]
Event: 0.453 Thread 0x0000000018bfb000  442       1       java.lang.invoke.MethodType::parameterType (7 bytes)
Event: 0.453 Thread 0x0000000018bfb000 nmethod 442 0x000000000323e210 code [0x000000000323e360, 0x000000000323e490]
Event: 0.453 Thread 0x0000000018bfb000  438       3       java.lang.invoke.MethodType::checkRtype (6 bytes)
Event: 0.453 Thread 0x0000000018bfb000 nmethod 438 0x000000000323dd10 code [0x000000000323de80, 0x000000000323e108]
Event: 0.453 Thread 0x0000000018bfb000  441       3       jdk.internal.org.objectweb.asm.Frame::pop (45 bytes)
Event: 0.454 Thread 0x0000000018bfb000 nmethod 441 0x000000000323d950 code [0x000000000323daa0, 0x000000000323dc70]

GC Heap History (0 events):
No events

Deoptimization events (1 events):
Event: 0.224 Thread 0x0000000002f53800 Uncommon trap: reason=null_check action=make_not_entrant pc=0x0000000003173d28 method=java.lang.String.equals(Ljava/lang/Object;)Z @ 8

Classes redefined (0 events):
No events

Internal exceptions (10 events):
Event: 0.041 Thread 0x0000000002f53800 Exception <a 'java/lang/NoSuchMethodError': Method sun.misc.Unsafe.defineClass(Ljava/lang/String;[BII)Ljava/lang/Class; name or signature does not match> (0x00000000e0407cc0) thrown at [C:\ade\jenkins\workspace\8-2-build-windows-amd64-cygwin\jdk8u241\331\
Event: 0.041 Thread 0x0000000002f53800 Exception <a 'java/lang/NoSuchMethodError': Method sun.misc.Unsafe.prefetchRead(Ljava/lang/Object;J)V name or signature does not match> (0x00000000e0407fa8) thrown at [C:\ade\jenkins\workspace\8-2-build-windows-amd64-cygwin\jdk8u241\331\hotspot\src\share\
Event: 0.180 Thread 0x0000000002f53800 Exception <a 'java/lang/NoSuchFieldError': method resolution failed> (0x00000000e07775d8) thrown at [C:\ade\jenkins\workspace\8-2-build-windows-amd64-cygwin\jdk8u241\331\hotspot\src\share\vm\prims\methodHandles.cpp, line 1167]
Event: 0.181 Thread 0x0000000002f53800 Exception <a 'java/lang/NoSuchFieldError': method resolution failed> (0x00000000e07851f8) thrown at [C:\ade\jenkins\workspace\8-2-build-windows-amd64-cygwin\jdk8u241\331\hotspot\src\share\vm\prims\methodHandles.cpp, line 1167]
Event: 0.204 Thread 0x0000000002f53800 Exception <a 'java/security/PrivilegedActionException'> (0x00000000e0831e00) thrown at [C:\ade\jenkins\workspace\8-2-build-windows-amd64-cygwin\jdk8u241\331\hotspot\src\share\vm\prims\jvm.cpp, line 1502]
Event: 0.204 Thread 0x0000000002f53800 Exception <a 'java/security/PrivilegedActionException'> (0x00000000e0832010) thrown at [C:\ade\jenkins\workspace\8-2-build-windows-amd64-cygwin\jdk8u241\331\hotspot\src\share\vm\prims\jvm.cpp, line 1502]
Event: 0.205 Thread 0x0000000002f53800 Exception <a 'java/security/PrivilegedActionException'> (0x00000000e0835f20) thrown at [C:\ade\jenkins\workspace\8-2-build-windows-amd64-cygwin\jdk8u241\331\hotspot\src\share\vm\prims\jvm.cpp, line 1502]
Event: 0.205 Thread 0x0000000002f53800 Exception <a 'java/security/PrivilegedActionException'> (0x00000000e0836130) thrown at [C:\ade\jenkins\workspace\8-2-build-windows-amd64-cygwin\jdk8u241\331\hotspot\src\share\vm\prims\jvm.cpp, line 1502]
Event: 0.205 Thread 0x0000000002f53800 Exception <a 'java/lang/NullPointerException'> (0x00000000e0836b38) thrown at [C:\ade\jenkins\workspace\8-2-build-windows-amd64-cygwin\jdk8u241\331\hotspot\src\share\vm\interpreter\linkResolver.cpp, line 1185]
Event: 0.224 Thread 0x0000000002f53800 Implicit null exception at 0x0000000003173b55 to 0x0000000003173d19

Events (10 events):
Event: 0.450 loading class javafx/collections/ListChangeBuilder$SubChange
Event: 0.450 loading class javafx/collections/ListChangeBuilder$SubChange done
Event: 0.451 loading class com/sun/scenario/Settings
Event: 0.451 loading class com/sun/scenario/Settings done
Event: 0.451 loading class java/lang/NumberFormatException
Event: 0.451 loading class java/lang/NumberFormatException done
Event: 0.452 loading class javafx/util/Callback
Event: 0.452 loading class javafx/util/Callback done
Event: 0.452 loading class com/sun/javafx/animation/TickCalculation
Event: 0.452 loading class com/sun/javafx/animation/TickCalculation done


Dynamic libraries:
0x00007ff604d00000 - 0x00007ff604d37000 	C:\Program Files\Java\jdk1.8.0_241\bin\java.exe
0x00007ffb18660000 - 0x00007ffb18850000 	C:\Windows\SYSTEM32\ntdll.dll
0x00007ffb104d0000 - 0x00007ffb104e5000 	C:\Program Files\AVG\Antivirus\aswhook.dll
0x00007ffb17300000 - 0x00007ffb173b2000 	C:\Windows\System32\KERNEL32.DLL
0x00007ffb159f0000 - 0x00007ffb15c93000 	C:\Windows\System32\KERNELBASE.dll
0x00007ffb18570000 - 0x00007ffb18613000 	C:\Windows\System32\ADVAPI32.dll
0x00007ffb168d0000 - 0x00007ffb1696e000 	C:\Windows\System32\msvcrt.dll
0x00007ffb17f00000 - 0x00007ffb17f97000 	C:\Windows\System32\sechost.dll
0x00007ffb17d60000 - 0x00007ffb17e80000 	C:\Windows\System32\RPCRT4.dll
0x00007ffb17fa0000 - 0x00007ffb18134000 	C:\Windows\System32\USER32.dll
0x00007ffb158a0000 - 0x00007ffb158c1000 	C:\Windows\System32\win32u.dll
0x00007ffb18290000 - 0x00007ffb182b6000 	C:\Windows\System32\GDI32.dll
0x00007ffb15ca0000 - 0x00007ffb15e34000 	C:\Windows\System32\gdi32full.dll
0x00007ffb15700000 - 0x00007ffb1579e000 	C:\Windows\System32\msvcp_win.dll
0x00007ffb157a0000 - 0x00007ffb1589a000 	C:\Windows\System32\ucrtbase.dll
0x00007ffb09580000 - 0x00007ffb09805000 	C:\Windows\WinSxS\amd64_microsoft.windows.common-controls_6595b64144ccf1df_6.0.18362.720_none_e6beb5c51314836b\COMCTL32.dll
0x00007ffb175b0000 - 0x00007ffb178e6000 	C:\Windows\System32\combase.dll
0x00007ffb15650000 - 0x00007ffb156d0000 	C:\Windows\System32\bcryptPrimitives.dll
0x00007ffb169f0000 - 0x00007ffb16a1e000 	C:\Windows\System32\IMM32.DLL
0x000000005fc40000 - 0x000000005fd12000 	C:\Program Files\Java\jdk1.8.0_241\jre\bin\msvcr100.dll
0x000000005ded0000 - 0x000000005e77c000 	C:\Program Files\Java\jdk1.8.0_241\jre\bin\server\jvm.dll
0x00007ffb17280000 - 0x00007ffb17288000 	C:\Windows\System32\PSAPI.DLL
0x00007ffb039b0000 - 0x00007ffb039b9000 	C:\Windows\SYSTEM32\WSOCK32.dll
0x00007ffb17290000 - 0x00007ffb172ff000 	C:\Windows\System32\WS2_32.dll
0x00007ffb121e0000 - 0x00007ffb12204000 	C:\Windows\SYSTEM32\WINMM.dll
0x00007ffb0eb40000 - 0x00007ffb0eb4a000 	C:\Windows\SYSTEM32\VERSION.dll
0x00007ffb121b0000 - 0x00007ffb121dd000 	C:\Windows\SYSTEM32\WINMMBASE.dll
0x00007ffb159a0000 - 0x00007ffb159ea000 	C:\Windows\System32\cfgmgr32.dll
0x00007ffb11da0000 - 0x00007ffb11daf000 	C:\Program Files\Java\jdk1.8.0_241\jre\bin\verify.dll
0x00007ffb03150000 - 0x00007ffb03179000 	C:\Program Files\Java\jdk1.8.0_241\jre\bin\java.dll
0x00007ffb05220000 - 0x00007ffb05243000 	C:\Program Files\Java\jdk1.8.0_241\jre\bin\instrument.dll
0x00007ffb04840000 - 0x00007ffb04856000 	C:\Program Files\Java\jdk1.8.0_241\jre\bin\zip.dll
0x00007ffb16b90000 - 0x00007ffb17275000 	C:\Windows\System32\SHELL32.dll
0x00007ffb182c0000 - 0x00007ffb18369000 	C:\Windows\System32\shcore.dll
0x00007ffb15f90000 - 0x00007ffb16710000 	C:\Windows\System32\windows.storage.dll
0x00007ffb15530000 - 0x00007ffb15553000 	C:\Windows\System32\profapi.dll
0x00007ffb155a0000 - 0x00007ffb155ea000 	C:\Windows\System32\powrprof.dll
0x00007ffb15520000 - 0x00007ffb15530000 	C:\Windows\System32\UMPDC.dll
0x00007ffb16a80000 - 0x00007ffb16ad2000 	C:\Windows\System32\shlwapi.dll
0x00007ffb15560000 - 0x00007ffb15571000 	C:\Windows\System32\kernel.appcore.dll
0x00007ffb158d0000 - 0x00007ffb158e7000 	C:\Windows\System32\cryptsp.dll
0x00007ffb05270000 - 0x00007ffb0528a000 	C:\Users\Gerbert\AppData\Local\JetBrains\Toolbox\apps\IDEA-U\ch-0\201.6487.11\bin\breakgen64.dll
0x00007ffb03210000 - 0x00007ffb0322a000 	C:\Program Files\Java\jdk1.8.0_241\jre\bin\net.dll
0x00007ffb14d30000 - 0x00007ffb14d97000 	C:\Windows\system32\mswsock.dll
0x0000000002df0000 - 0x0000000002df3000 	C:\Program Files\Java\jdk1.8.0_241\jre\bin\api-ms-win-core-console-l1-1-0.dll
0x0000000002e00000 - 0x0000000002e03000 	C:\Program Files\Java\jdk1.8.0_241\jre\bin\api-ms-win-core-datetime-l1-1-0.dll
0x0000000002e10000 - 0x0000000002e13000 	C:\Program Files\Java\jdk1.8.0_241\jre\bin\api-ms-win-core-debug-l1-1-0.dll
0x0000000002e20000 - 0x0000000002e23000 	C:\Program Files\Java\jdk1.8.0_241\jre\bin\api-ms-win-core-errorhandling-l1-1-0.dll
0x0000000002e30000 - 0x0000000002e34000 	C:\Program Files\Java\jdk1.8.0_241\jre\bin\api-ms-win-core-file-l1-1-0.dll
0x000000001a390000 - 0x000000001a393000 	C:\Program Files\Java\jdk1.8.0_241\jre\bin\api-ms-win-core-file-l1-2-0.dll
0x000000001a3a0000 - 0x000000001a3a3000 	C:\Program Files\Java\jdk1.8.0_241\jre\bin\api-ms-win-core-file-l2-1-0.dll
0x000000001a3b0000 - 0x000000001a3b3000 	C:\Program Files\Java\jdk1.8.0_241\jre\bin\api-ms-win-core-handle-l1-1-0.dll
0x000000001a3c0000 - 0x000000001a3c3000 	C:\Program Files\Java\jdk1.8.0_241\jre\bin\api-ms-win-core-heap-l1-1-0.dll
0x000000001a3d0000 - 0x000000001a3d3000 	C:\Program Files\Java\jdk1.8.0_241\jre\bin\api-ms-win-core-interlocked-l1-1-0.dll
0x000000001a3e0000 - 0x000000001a3e3000 	C:\Program Files\Java\jdk1.8.0_241\jre\bin\api-ms-win-core-libraryloader-l1-1-0.dll
0x000000001a3f0000 - 0x000000001a3f3000 	C:\Program Files\Java\jdk1.8.0_241\jre\bin\api-ms-win-core-localization-l1-2-0.dll
0x000000001a400000 - 0x000000001a403000 	C:\Program Files\Java\jdk1.8.0_241\jre\bin\api-ms-win-core-memory-l1-1-0.dll
0x000000001a410000 - 0x000000001a413000 	C:\Program Files\Java\jdk1.8.0_241\jre\bin\api-ms-win-core-namedpipe-l1-1-0.dll
0x000000001a420000 - 0x000000001a423000 	C:\Program Files\Java\jdk1.8.0_241\jre\bin\api-ms-win-core-processenvironment-l1-1-0.dll
0x000000001a430000 - 0x000000001a433000 	C:\Program Files\Java\jdk1.8.0_241\jre\bin\api-ms-win-core-processthreads-l1-1-0.dll
0x000000001a440000 - 0x000000001a443000 	C:\Program Files\Java\jdk1.8.0_241\jre\bin\api-ms-win-core-processthreads-l1-1-1.dll
0x000000001a450000 - 0x000000001a453000 	C:\Program Files\Java\jdk1.8.0_241\jre\bin\api-ms-win-core-profile-l1-1-0.dll
0x000000001a460000 - 0x000000001a463000 	C:\Program Files\Java\jdk1.8.0_241\jre\bin\api-ms-win-core-rtlsupport-l1-1-0.dll
0x000000001a470000 - 0x000000001a473000 	C:\Program Files\Java\jdk1.8.0_241\jre\bin\api-ms-win-core-string-l1-1-0.dll
0x000000001a480000 - 0x000000001a483000 	C:\Program Files\Java\jdk1.8.0_241\jre\bin\api-ms-win-core-synch-l1-1-0.dll
0x000000001a490000 - 0x000000001a493000 	C:\Program Files\Java\jdk1.8.0_241\jre\bin\api-ms-win-core-synch-l1-2-0.dll
0x000000001a4a0000 - 0x000000001a4a3000 	C:\Program Files\Java\jdk1.8.0_241\jre\bin\api-ms-win-core-sysinfo-l1-1-0.dll
0x000000001a4b0000 - 0x000000001a4b3000 	C:\Program Files\Java\jdk1.8.0_241\jre\bin\api-ms-win-core-timezone-l1-1-0.dll
0x000000001a4c0000 - 0x000000001a4c3000 	C:\Program Files\Java\jdk1.8.0_241\jre\bin\api-ms-win-core-util-l1-1-0.dll
0x000000001a4d0000 - 0x000000001a4d3000 	C:\Program Files\Java\jdk1.8.0_241\jre\bin\api-ms-win-crt-conio-l1-1-0.dll
0x000000001a4e0000 - 0x000000001a4e4000 	C:\Program Files\Java\jdk1.8.0_241\jre\bin\api-ms-win-crt-convert-l1-1-0.dll
0x000000001a4f0000 - 0x000000001a4f3000 	C:\Program Files\Java\jdk1.8.0_241\jre\bin\api-ms-win-crt-environment-l1-1-0.dll
0x000000001a500000 - 0x000000001a503000 	C:\Program Files\Java\jdk1.8.0_241\jre\bin\api-ms-win-crt-filesystem-l1-1-0.dll
0x000000001a510000 - 0x000000001a513000 	C:\Program Files\Java\jdk1.8.0_241\jre\bin\api-ms-win-crt-heap-l1-1-0.dll
0x000000001a520000 - 0x000000001a523000 	C:\Program Files\Java\jdk1.8.0_241\jre\bin\api-ms-win-crt-locale-l1-1-0.dll
0x000000001a530000 - 0x000000001a535000 	C:\Program Files\Java\jdk1.8.0_241\jre\bin\api-ms-win-crt-math-l1-1-0.dll
0x000000001a540000 - 0x000000001a545000 	C:\Program Files\Java\jdk1.8.0_241\jre\bin\api-ms-win-crt-multibyte-l1-1-0.dll
0x000000001a550000 - 0x000000001a560000 	C:\Program Files\Java\jdk1.8.0_241\jre\bin\api-ms-win-crt-private-l1-1-0.dll
0x000000001a560000 - 0x000000001a563000 	C:\Program Files\Java\jdk1.8.0_241\jre\bin\api-ms-win-crt-process-l1-1-0.dll
0x000000001a570000 - 0x000000001a574000 	C:\Program Files\Java\jdk1.8.0_241\jre\bin\api-ms-win-crt-runtime-l1-1-0.dll
0x000000001a580000 - 0x000000001a584000 	C:\Program Files\Java\jdk1.8.0_241\jre\bin\api-ms-win-crt-stdio-l1-1-0.dll
0x000000001a590000 - 0x000000001a594000 	C:\Program Files\Java\jdk1.8.0_241\jre\bin\api-ms-win-crt-string-l1-1-0.dll
0x000000001a5a0000 - 0x000000001a5a3000 	C:\Program Files\Java\jdk1.8.0_241\jre\bin\api-ms-win-crt-time-l1-1-0.dll
0x000000001a5b0000 - 0x000000001a5b3000 	C:\Program Files\Java\jdk1.8.0_241\jre\bin\api-ms-win-crt-utility-l1-1-0.dll
0x00007ffaf39b0000 - 0x00007ffaf3aac000 	C:\Program Files\Java\jdk1.8.0_241\jre\bin\ucrtbase.dll
0x00007ffb05000000 - 0x00007ffb05015000 	C:\Program Files\Java\jdk1.8.0_241\jre\bin\vcruntime140.dll
0x00007ffaf3910000 - 0x00007ffaf39ab000 	C:\Program Files\Java\jdk1.8.0_241\jre\bin\msvcp140.dll
0x00007ffb04e50000 - 0x00007ffb04ea1000 	C:\Program Files\Java\jdk1.8.0_241\jre\bin\concrt140.dll
0x00007ffb04fd0000 - 0x00007ffb04ff3000 	C:\Program Files\Java\jdk1.8.0_241\jre\bin\prism_d3d.dll
0x00007ffb0c760000 - 0x00007ffb0c927000 	C:\Windows\system32\d3d9.dll
0x00007ffb13cc0000 - 0x00007ffb13ced000 	C:\Windows\SYSTEM32\dwmapi.dll
0x00007ffb14190000 - 0x00007ffb141b0000 	C:\Windows\SYSTEM32\dxcore.dll
0x00007ffb138a0000 - 0x00007ffb13939000 	C:\Windows\system32\uxtheme.dll
0x00007ffb0c930000 - 0x00007ffb0cb0d000 	C:\Windows\System32\DriverStore\FileRepository\u0345116.inf_amd64_194c37fb3dde02d1\B344967\aticfx64.dll
0x00007ffb02a30000 - 0x00007ffb02a60000 	C:\Windows\System32\DriverStore\FileRepository\u0345116.inf_amd64_194c37fb3dde02d1\B344967\atiu9p64.dll
0x00007ffacfa50000 - 0x00007ffad071b000 	C:\Windows\System32\DriverStore\FileRepository\u0345116.inf_amd64_194c37fb3dde02d1\B344967\atiumd64.dll
0x00007ffb17450000 - 0x00007ffb175a7000 	C:\Windows\System32\ole32.dll
0x000000005e780000 - 0x000000005f505000 	C:\Windows\System32\DriverStore\FileRepository\u0345116.inf_amd64_194c37fb3dde02d1\B344967\atiumd6a.dll
0x00007ffb04890000 - 0x00007ffb048d5000 	C:\Program Files\Java\jdk1.8.0_241\jre\bin\glass.dll
0x00007ffb18370000 - 0x00007ffb18440000 	C:\Windows\System32\COMDLG32.dll
0x00007ffb18440000 - 0x00007ffb18504000 	C:\Windows\System32\OLEAUT32.dll
0x00007ffb18150000 - 0x00007ffb18286000 	C:\Windows\System32\MSCTF.dll

VM Arguments:
jvm_args: -javaagent:C:\Users\Gerbert\AppData\Local\JetBrains\Toolbox\apps\IDEA-U\ch-0\201.6487.11\lib\idea_rt.jar=54464:C:\Users\Gerbert\AppData\Local\JetBrains\Toolbox\apps\IDEA-U\ch-0\201.6487.11\bin -Dfile.encoding=UTF-8 
java_command: sample.Main
java_class_path (initial): C:\Program Files\Java\jdk1.8.0_241\jre\lib\charsets.jar;C:\Program Files\Java\jdk1.8.0_241\jre\lib\deploy.jar;C:\Program Files\Java\jdk1.8.0_241\jre\lib\ext\access-bridge-64.jar;C:\Program Files\Java\jdk1.8.0_241\jre\lib\ext\cldrdata.jar;C:\Program Files\Java\jdk1.8.0_241\jre\lib\ext\dnsns.jar;C:\Program Files\Java\jdk1.8.0_241\jre\lib\ext\jaccess.jar;C:\Program Files\Java\jdk1.8.0_241\jre\lib\ext\jfxrt.jar;C:\Program Files\Java\jdk1.8.0_241\jre\lib\ext\localedata.jar;C:\Program Files\Java\jdk1.8.0_241\jre\lib\ext\nashorn.jar;C:\Program Files\Java\jdk1.8.0_241\jre\lib\ext\sunec.jar;C:\Program Files\Java\jdk1.8.0_241\jre\lib\ext\sunjce_provider.jar;C:\Program Files\Java\jdk1.8.0_241\jre\lib\ext\sunmscapi.jar;C:\Program Files\Java\jdk1.8.0_241\jre\lib\ext\sunpkcs11.jar;C:\Program Files\Java\jdk1.8.0_241\jre\lib\ext\zipfs.jar;C:\Program Files\Java\jdk1.8.0_241\jre\lib\javaws.jar;C:\Program Files\Java\jdk1.8.0_241\jre\lib\jce.jar;C:\Program Files\Java\jdk1.8.0_241\jre\lib\jfr.jar;C:\Program Files\Java\jdk1.8.0_241\jre\lib\jfxswt.jar;C:\Program Files\Java\jdk1.8.0_241\jre\lib\jsse.jar;C:\Program Files\Java\jdk1.8.0_241\jre\lib\management-agent.jar;C:\Program Files\Java\jdk1.8.0_241\jre\lib\plugin.jar;C:\Program Files\Java\jdk1.8.0_241\jre\lib\resources.jar;C:\Program Files\Java\jdk1.8.0_241\jre\lib\rt.jar;C:\Users\Gerbert\Documents\GitHub\Laba2Interface\out\production\Laba2Interface;C:\Users\Gerbert\AppData\Local\JetBrains\Toolbox\apps\IDEA-U\ch-0\201.6487.11\lib\idea_rt.jar
Launcher Type: SUN_STANDARD

Environment Variables:
PATH=C:\Program Files (x86)\Common Files\Oracle\Java\javapath;C:\app\Gerbert\product\18.0.0\dbhomeXE\bin;F:\Database\dbhomeXE\bin;C:\Windows\system32;C:\Windows;C:\Windows\System32\Wbem;C:\Windows\System32\WindowsPowerShell\v1.0\;C:\Windows\System32\OpenSSH\;C:\Program Files\Git\cmd;C:\Program Files (x86)\Common Files\Acronis\SnapAPI\;C:\xampp\php;C:\ProgramData\ComposerSetup\bin;C:\Users\Gerbert\AppData\Local\Microsoft\WindowsApps;C:\Program Files\JetBrains\IntelliJ IDEA 2019.3.3\bin;C:\Program Files\JetBrains\PhpStorm 2019.3.3\bin;C:\Program Files\JetBrains\CLion 2019.3.4\bin;C:\Program Files\JetBrains\JetBrains Rider 2019.3.4\bin;C:\Users\Gerbert\AppData\Local\GitHubDesktop\bin;C:\Users\Gerbert\AppData\Roaming\Composer\vendor\bin
USERNAME=Gerbert
OS=Windows_NT
PROCESSOR_IDENTIFIER=AMD64 Family 23 Model 24 Stepping 1, AuthenticAMD



---------------  S Y S T E M  ---------------

OS: Windows 10.0 , 64 bit Build 18362 (10.0.18362.329)

CPU:total 8 (initial active 8) (8 cores per cpu, 1 threads per core) family 23 model 24 stepping 1, cmov, cx8, fxsr, mmx, sse, sse2, sse3, ssse3, sse4.1, sse4.2, popcnt, avx, avx2, aes, clmul, mmxext, 3dnowpref, lzcnt, sse4a, tsc, tscinvbit, tscinv, bmi1

Memory: 4k page, physical 6237700k(1014308k free), swap 8334852k(4224k free)

vm_info: Java HotSpot(TM) 64-Bit Server VM (25.241-b07) for windows-amd64 JRE (1.8.0_241-b07), built on Dec 11 2019 10:21:40 by "rejava" with MS VC++ 10.0 (VS2010)

time: Mon Mar 23 18:26:54 2020
timezone: RTZ 2 (зима)
elapsed time: 0 seconds (0d 0h 0m 0s)

