#
# There is insufficient memory for the Java Runtime Environment to continue.
# Native memory allocation (malloc) failed to allocate 1048576 bytes for AllocateHeap
# Possible reasons:
#   The system is out of physical RAM or swap space
#   The process is running with CompressedOops enabled, and the Java Heap may be blocking the growth of the native heap
# Possible solutions:
#   Reduce memory load on the system
#   Increase physical memory or swap space
#   Check if swap backing store is full
#   Decrease Java heap size (-Xmx/-Xms)
#   Decrease number of Java threads
#   Decrease Java thread stack sizes (-Xss)
#   Set larger code cache with -XX:ReservedCodeCacheSize=
#   JVM is running with Unscaled Compressed Oops mode in which the Java heap is
#     placed in the first 4GB address space. The Java Heap base address is the
#     maximum limit for the native heap growth. Please use -XX:HeapBaseMinAddress
#     to set the Java Heap base and to place the Java Heap above 4GB virtual address.
# This output file may be truncated or incomplete.
#
#  Out of Memory Error (memory/allocation.inline.hpp:61), pid=7192, tid=0x0000000000000704
#
# JRE version:  (8.0_241-b07) (build )
# Java VM: Java HotSpot(TM) 64-Bit Server VM (25.241-b07 mixed mode windows-amd64 compressed oops)
# Failed to write core dump. Minidumps are not enabled by default on client versions of Windows
#

---------------  T H R E A D  ---------------

Current thread (0x00000000031c3800):  JavaThread "Unknown thread" [_thread_in_vm, id=1796, stack(0x0000000002eb0000,0x0000000002fb0000)]

Stack: [0x0000000002eb0000,0x0000000002fb0000]
[error occurred during error reporting (printing stack bounds), id 0xc0000005]

Native frames: (J=compiled Java code, j=interpreted, Vv=VM code, C=native code)


---------------  P R O C E S S  ---------------

Java Threads: ( => current thread )

Other Threads:

=>0x00000000031c3800 (exited) JavaThread "Unknown thread" [_thread_in_vm, id=1796, stack(0x0000000002eb0000,0x0000000002fb0000)]

VM state:not at safepoint (normal execution)

VM Mutex/Monitor currently owned by a thread: None

heap address: 0x00000000a0c00000, size: 1524 MB, Compressed Oops mode: 32-bit
Narrow klass base: 0x0000000000000000, Narrow klass shift: 3
Compressed class space size: 1073741824 Address: 0x0000000100000000

Heap:
 PSYoungGen      total 28672K, used 491K [0x00000000e0400000, 0x00000000e2400000, 0x0000000100000000)
  eden space 24576K, 2% used [0x00000000e0400000,0x00000000e047ae20,0x00000000e1c00000)
  from space 4096K, 0% used [0x00000000e2000000,0x00000000e2000000,0x00000000e2400000)
  to   space 4096K, 0% used [0x00000000e1c00000,0x00000000e1c00000,0x00000000e2000000)
 ParOldGen       total 65536K, used 0K [0x00000000a0c00000, 0x00000000a4c00000, 0x00000000e0400000)
  object space 65536K, 0% used [0x00000000a0c00000,0x00000000a0c00000,0x00000000a4c00000)
 Metaspace       used 776K, capacity 4480K, committed 4480K, reserved 1056768K
  class space    used 76K, capacity 384K, committed 384K, reserved 1048576K

Card table byte_map: [0x0000000012680000,0x0000000012980000] byte_map_base: 0x000000001217a000

Marking Bits: (ParMarkBitMap*) 0x000000006d11be30
 Begin Bits: [0x0000000013380000, 0x0000000014b50000)
 End Bits:   [0x0000000014b50000, 0x0000000016320000)

Polling page: 0x0000000001310000

CodeCache: size=245760Kb used=327Kb max_used=327Kb free=245432Kb
 bounds [0x00000000032c0000, 0x0000000003530000, 0x00000000122c0000]
 total_blobs=57 nmethods=0 adapters=38
 compilation: enabled

Compilation events (0 events):
No events

GC Heap History (0 events):
No events

Deoptimization events (0 events):
No events

Classes redefined (0 events):
No events

Internal exceptions (0 events):
No events

Events (10 events):
Event: 0.028 loading class java/lang/Short
Event: 0.028 loading class java/lang/Short done
Event: 0.028 loading class java/lang/Integer
Event: 0.028 loading class java/lang/Integer done
Event: 0.028 loading class java/lang/Long
Event: 0.028 loading class java/lang/Long done
Event: 0.029 loading class java/lang/NullPointerException
Event: 0.029 loading class java/lang/NullPointerException done
Event: 0.029 loading class java/lang/ArithmeticException
Event: 0.030 loading class java/lang/ArithmeticException done


Dynamic libraries:
0x00007ff6e4500000 - 0x00007ff6e4537000 	C:\Program Files\Java\jdk1.8.0_241\bin\java.exe
0x00007ffcf00e0000 - 0x00007ffcf02d0000 	C:\Windows\SYSTEM32\ntdll.dll
0x00007ffcd7f50000 - 0x00007ffcd7f65000 	C:\Program Files\AVG\Antivirus\aswhook.dll
0x00007ffcee7c0000 - 0x00007ffcee872000 	C:\Windows\System32\KERNEL32.DLL
0x00007ffced4e0000 - 0x00007ffced783000 	C:\Windows\System32\KERNELBASE.dll
0x00007ffceeab0000 - 0x00007ffceeb53000 	C:\Windows\System32\ADVAPI32.dll
0x00007ffceeb60000 - 0x00007ffceebfe000 	C:\Windows\System32\msvcrt.dll
0x00007ffcefda0000 - 0x00007ffcefe37000 	C:\Windows\System32\sechost.dll
0x00007ffceff80000 - 0x00007ffcf00a0000 	C:\Windows\System32\RPCRT4.dll
0x00007ffceeed0000 - 0x00007ffcef064000 	C:\Windows\System32\USER32.dll
0x00007ffced2e0000 - 0x00007ffced301000 	C:\Windows\System32\win32u.dll
0x00007ffcee190000 - 0x00007ffcee1b6000 	C:\Windows\System32\GDI32.dll
0x00007ffced790000 - 0x00007ffced924000 	C:\Windows\System32\gdi32full.dll
0x00007ffced0a0000 - 0x00007ffced13e000 	C:\Windows\System32\msvcp_win.dll
0x00007ffced3e0000 - 0x00007ffced4da000 	C:\Windows\System32\ucrtbase.dll
0x00007ffce0fc0000 - 0x00007ffce1245000 	C:\Windows\WinSxS\amd64_microsoft.windows.common-controls_6595b64144ccf1df_6.0.18362.720_none_e6beb5c51314836b\COMCTL32.dll
0x00007ffcee1c0000 - 0x00007ffcee4f6000 	C:\Windows\System32\combase.dll
0x00007ffced930000 - 0x00007ffced9b0000 	C:\Windows\System32\bcryptPrimitives.dll
0x00007ffcee790000 - 0x00007ffcee7be000 	C:\Windows\System32\IMM32.DLL
0x000000006d5e0000 - 0x000000006d6b2000 	C:\Program Files\Java\jdk1.8.0_241\jre\bin\msvcr100.dll
0x000000006c8f0000 - 0x000000006d19c000 	C:\Program Files\Java\jdk1.8.0_241\jre\bin\server\jvm.dll
0x00007ffceff70000 - 0x00007ffceff78000 	C:\Windows\System32\PSAPI.DLL
0x00007ffcda3a0000 - 0x00007ffcda3a9000 	C:\Windows\SYSTEM32\WSOCK32.dll
0x00007ffceee60000 - 0x00007ffceeecf000 	C:\Windows\System32\WS2_32.dll
0x00007ffceaad0000 - 0x00007ffceaaf4000 	C:\Windows\SYSTEM32\WINMM.dll
0x00007ffce5de0000 - 0x00007ffce5dea000 	C:\Windows\SYSTEM32\VERSION.dll
0x00007ffceaaa0000 - 0x00007ffceaacd000 	C:\Windows\SYSTEM32\WINMMBASE.dll
0x00007ffced140000 - 0x00007ffced18a000 	C:\Windows\System32\cfgmgr32.dll
0x00007ffceafe0000 - 0x00007ffceafef000 	C:\Program Files\Java\jdk1.8.0_241\jre\bin\verify.dll
0x00007ffccb630000 - 0x00007ffccb659000 	C:\Program Files\Java\jdk1.8.0_241\jre\bin\java.dll
0x00007ffcc5690000 - 0x00007ffcc56b3000 	C:\Program Files\Java\jdk1.8.0_241\jre\bin\instrument.dll
0x00007ffce8940000 - 0x00007ffce8956000 	C:\Program Files\Java\jdk1.8.0_241\jre\bin\zip.dll

VM Arguments:
jvm_args: -javaagent:C:\Users\Gerbert\AppData\Local\JetBrains\Toolbox\apps\IDEA-U\ch-0\201.6487.11\lib\idea_rt.jar=52831:C:\Users\Gerbert\AppData\Local\JetBrains\Toolbox\apps\IDEA-U\ch-0\201.6487.11\bin -Dfile.encoding=UTF-8 
java_command: sample.Main
java_class_path (initial): C:\Program Files\Java\jdk1.8.0_241\jre\lib\charsets.jar;C:\Program Files\Java\jdk1.8.0_241\jre\lib\deploy.jar;C:\Program Files\Java\jdk1.8.0_241\jre\lib\ext\access-bridge-64.jar;C:\Program Files\Java\jdk1.8.0_241\jre\lib\ext\cldrdata.jar;C:\Program Files\Java\jdk1.8.0_241\jre\lib\ext\dnsns.jar;C:\Program Files\Java\jdk1.8.0_241\jre\lib\ext\jaccess.jar;C:\Program Files\Java\jdk1.8.0_241\jre\lib\ext\jfxrt.jar;C:\Program Files\Java\jdk1.8.0_241\jre\lib\ext\localedata.jar;C:\Program Files\Java\jdk1.8.0_241\jre\lib\ext\nashorn.jar;C:\Program Files\Java\jdk1.8.0_241\jre\lib\ext\sunec.jar;C:\Program Files\Java\jdk1.8.0_241\jre\lib\ext\sunjce_provider.jar;C:\Program Files\Java\jdk1.8.0_241\jre\lib\ext\sunmscapi.jar;C:\Program Files\Java\jdk1.8.0_241\jre\lib\ext\sunpkcs11.jar;C:\Program Files\Java\jdk1.8.0_241\jre\lib\ext\zipfs.jar;C:\Program Files\Java\jdk1.8.0_241\jre\lib\javaws.jar;C:\Program Files\Java\jdk1.8.0_241\jre\lib\jce.jar;C:\Program Files\Java\jdk1.8.0_241\jre\lib\jfr.jar;C:\Program Files\Java\jdk1.8.0_241\jre\lib\jfxswt.jar;C:\Program Files\Java\jdk1.8.0_241\jre\lib\jsse.jar;C:\Program Files\Java\jdk1.8.0_241\jre\lib\management-agent.jar;C:\Program Files\Java\jdk1.8.0_241\jre\lib\plugin.jar;C:\Program Files\Java\jdk1.8.0_241\jre\lib\resources.jar;C:\Program Files\Java\jdk1.8.0_241\jre\lib\rt.jar;C:\Users\Gerbert\Documents\GitHub\Laba2Interface\target\classes;C:\Users\Gerbert\.m2\repository\org\apache\poi\poi\3.17\poi-3.17.jar;C:\Users\Gerbert\.m2\repository\commons-codec\commons-codec\1.10\commons-codec-1.10.jar;C:\Users\Gerbert\.m2\repository\org\apache\commons\commons-collections4\4.1\commons-collections4-4.1.jar;C:\Users\Gerbert\.m2\repository\org\apache\poi\poi-ooxml\3.17\poi-ooxml-3.17.jar;C:\Users\Gerbert\.m2\repository\org\apache\poi\poi-ooxml-schemas\3.17\poi-ooxml-schemas-3.17.jar;C:\Users\Gerbert\.m2\repository\org\apache\xmlbeans\xmlbeans\2.6.0\xmlbeans-2.6.0.jar;C:\Users\Gerbert\.m2\repository\stax\stax-api\1.0.1\stax-ap
Launcher Type: SUN_STANDARD

Environment Variables:
PATH=C:\Program Files (x86)\Common Files\Oracle\Java\javapath;C:\app\Gerbert\product\18.0.0\dbhomeXE\bin;F:\Database\dbhomeXE\bin;C:\Windows\system32;C:\Windows;C:\Windows\System32\Wbem;C:\Windows\System32\WindowsPowerShell\v1.0\;C:\Windows\System32\OpenSSH\;C:\Program Files\Git\cmd;C:\Program Files (x86)\Common Files\Acronis\SnapAPI\;C:\xampp\php;C:\ProgramData\ComposerSetup\bin;C:\Users\Gerbert\AppData\Local\Microsoft\WindowsApps;C:\Program Files\JetBrains\IntelliJ IDEA 2019.3.3\bin;C:\Program Files\JetBrains\PhpStorm 2019.3.3\bin;C:\Program Files\JetBrains\CLion 2019.3.4\bin;C:\Program Files\JetBrains\JetBrains Rider 2019.3.4\bin;C:\Users\Gerbert\AppData\Local\GitHubDesktop\bin;C:\Users\Gerbert\AppData\Roaming\Composer\vendor\bin
USERNAME=Gerbert
OS=Windows_NT
PROCESSOR_IDENTIFIER=AMD64 Family 23 Model 24 Stepping 1, AuthenticAMD



---------------  S Y S T E M  ---------------

OS: Windows 10.0 , 64 bit Build 18362 (10.0.18362.329)

CPU:total 8 (initial active 8) (8 cores per cpu, 1 threads per core) family 23 model 24 stepping 1, cmov, cx8, fxsr, mmx, sse, sse2, sse3, ssse3, sse4.1, sse4.2, popcnt, avx, avx2, aes, clmul, mmxext, 3dnowpref, lzcnt, sse4a, tsc, tscinvbit, tscinv, bmi1

Memory: 4k page, physical 6237700k(1036428k free), swap 8334852k(5192k free)

vm_info: Java HotSpot(TM) 64-Bit Server VM (25.241-b07) for windows-amd64 JRE (1.8.0_241-b07), built on Dec 11 2019 10:21:40 by "rejava" with MS VC++ 10.0 (VS2010)

time: Wed Mar 25 00:02:47 2020
timezone: RTZ 2 (зима)
elapsed time: 0 seconds (0d 0h 0m 0s)

